/*C2*/SET SCHEMA PUBLIC
INSERT INTO SPIELER VALUES('Gegner')
COMMIT
INSERT INTO SPIELER VALUES('blutwurst1')
COMMIT
INSERT INTO SPIEL VALUES(40,'Gegner',0,0,NULL)
COMMIT
INSERT INTO SATZ VALUES(35,-1,'',NULL)
COMMIT
INSERT INTO ZUG VALUES(289,35,40,3,0,'blutwurst1')
COMMIT
INSERT INTO ZUG VALUES(290,35,40,1,0,'Gegner')
COMMIT
INSERT INTO ZUG VALUES(291,35,40,4,0,'blutwurst1')
COMMIT
INSERT INTO ZUG VALUES(292,35,40,4,1,'Gegner')
COMMIT
INSERT INTO ZUG VALUES(293,35,40,5,0,'blutwurst1')
COMMIT
INSERT INTO ZUG VALUES(294,35,40,2,0,'Gegner')
COMMIT
INSERT INTO ZUG VALUES(295,35,40,6,0,'blutwurst1')
COMMIT
DELETE FROM SATZ WHERE ID=35
INSERT INTO SATZ VALUES(35,40,'blutwurst1','blutwurst1')
COMMIT
DELETE FROM SPIEL WHERE ID=40
INSERT INTO SPIEL VALUES(40,'Gegner',1,0,'')
COMMIT
INSERT INTO SATZ VALUES(36,40,'',NULL)
COMMIT
INSERT INTO ZUG VALUES(296,36,40,3,0,'blutwurst1')
COMMIT
INSERT INTO ZUG VALUES(297,36,40,0,0,'Gegner')
COMMIT
INSERT INTO ZUG VALUES(298,36,40,3,1,'blutwurst1')
COMMIT
INSERT INTO ZUG VALUES(299,36,40,4,0,'Gegner')
COMMIT
INSERT INTO ZUG VALUES(300,36,40,3,2,'blutwurst1')
COMMIT
INSERT INTO ZUG VALUES(301,36,40,1,0,'Gegner')
COMMIT
INSERT INTO ZUG VALUES(302,36,40,3,3,'blutwurst1')
COMMIT
DELETE FROM SATZ WHERE ID=36
INSERT INTO SATZ VALUES(36,40,'blutwurst1','blutwurst1')
COMMIT
DELETE FROM SPIEL WHERE ID=40
INSERT INTO SPIEL VALUES(40,'Gegner',2,0,'blutwurst1')
COMMIT
DELETE FROM SPIEL WHERE ID=40
INSERT INTO SPIEL VALUES(40,'Gegner',2,0,'blutwurst1')
COMMIT
